[0m13:49:31.505414 [debug] [MainThread]: Sending event: {'category': 'dbt', 'action': 'invocation', 'label': 'start', 'context': [<snowplow_tracker.self_describing_json.SelfDescribingJson object at 0x000001B34844A7B0>, <snowplow_tracker.self_describing_json.SelfDescribingJson object at 0x000001B34A109490>, <snowplow_tracker.self_describing_json.SelfDescribingJson object at 0x000001B34D44F9E0>]}


============================== 13:49:31.525346 | f6acb3d8-06ff-4fe1-a2a9-a1f29342dbff ==============================
[0m13:49:31.525346 [info ] [MainThread]: Running with dbt=1.9.3
[0m13:49:31.527334 [debug] [MainThread]: running dbt with arguments {'printer_width': '80', 'indirect_selection': 'eager', 'log_cache_events': 'False', 'write_json': 'True', 'partial_parse': 'True', 'cache_selected_only': 'False', 'profiles_dir': 'C:\\Users\\hamin\\.dbt', 'fail_fast': 'False', 'debug': 'False', 'log_path': 'logs', 'warn_error': 'None', 'version_check': 'True', 'use_colors': 'True', 'use_experimental_parser': 'False', 'empty': 'None', 'quiet': 'False', 'no_print': 'None', 'warn_error_options': 'WarnErrorOptions(include=[], exclude=[])', 'static_parser': 'True', 'invocation_command': 'dbt init', 'introspect': 'True', 'target_path': 'None', 'log_format': 'default', 'send_anonymous_usage_stats': 'True'}
[0m13:49:46.214762 [debug] [MainThread]: Starter project path: C:\Users\hamin\Desktop\JaffleStripe-Transform\.venv\Lib\site-packages\dbt\include\starter_project
[0m13:49:46.453508 [info ] [MainThread]: 
Your new dbt project "data_pipeline" was created!

For more information on how to configure the profiles.yml file,
please consult the dbt documentation here:

  https://docs.getdbt.com/docs/configure-your-profile

One more thing:

Need help? Don't hesitate to reach out to us via GitHub issues or on Slack:

  https://community.getdbt.com/

Happy modeling!

[0m13:49:46.458517 [info ] [MainThread]: Setting up your profile.
[0m13:52:30.035841 [info ] [MainThread]: Profile data_pipeline written to C:\Users\hamin\.dbt\profiles.yml using target's profile_template.yml and your supplied values. Run 'dbt debug' to validate the connection.
[0m13:52:30.039837 [debug] [MainThread]: Command `dbt init` succeeded at 13:52:30.039837 after 179.12 seconds
[0m13:52:30.041841 [debug] [MainThread]: Sending event: {'category': 'dbt', 'action': 'invocation', 'label': 'end', 'context': [<snowplow_tracker.self_describing_json.SelfDescribingJson object at 0x000001B34D7CE5A0>, <snowplow_tracker.self_describing_json.SelfDescribingJson object at 0x000001B34D5A58B0>, <snowplow_tracker.self_describing_json.SelfDescribingJson object at 0x000001B34D8DD250>]}
[0m13:52:30.043160 [debug] [MainThread]: Flushing usage events
[0m13:52:30.296234 [debug] [MainThread]: An error was encountered while trying to flush usage events
[0m13:52:51.725054 [debug] [MainThread]: Sending event: {'category': 'dbt', 'action': 'invocation', 'label': 'start', 'context': [<snowplow_tracker.self_describing_json.SelfDescribingJson object at 0x000001C40833F920>, <snowplow_tracker.self_describing_json.SelfDescribingJson object at 0x000001C4058D5010>, <snowplow_tracker.self_describing_json.SelfDescribingJson object at 0x000001C408D57140>]}


============================== 13:52:51.741636 | 6ac5de82-73f7-484d-9c5f-dfe8d905b751 ==============================
[0m13:52:51.741636 [info ] [MainThread]: Running with dbt=1.9.3
[0m13:52:51.745202 [debug] [MainThread]: running dbt with arguments {'printer_width': '80', 'indirect_selection': 'eager', 'log_cache_events': 'False', 'write_json': 'True', 'partial_parse': 'True', 'cache_selected_only': 'False', 'profiles_dir': 'C:\\Users\\hamin\\.dbt', 'fail_fast': 'False', 'version_check': 'True', 'log_path': 'logs', 'warn_error': 'None', 'debug': 'False', 'use_colors': 'True', 'use_experimental_parser': 'False', 'empty': 'None', 'quiet': 'False', 'no_print': 'None', 'log_format': 'default', 'introspect': 'True', 'warn_error_options': 'WarnErrorOptions(include=[], exclude=[])', 'invocation_command': 'dbt debug', 'target_path': 'None', 'static_parser': 'True', 'send_anonymous_usage_stats': 'True'}
[0m13:52:51.871724 [info ] [MainThread]: dbt version: 1.9.3
[0m13:52:51.872738 [info ] [MainThread]: python version: 3.12.9
[0m13:52:51.874911 [info ] [MainThread]: python path: C:\Users\hamin\Desktop\JaffleStripe-Transform\.venv\Scripts\python.exe
[0m13:52:51.876925 [info ] [MainThread]: os info: Windows-11-10.0.26100-SP0
[0m13:52:51.897225 [info ] [MainThread]: Error importing adapter: No module named 'dbt.adapters.postgres'
[0m13:52:52.994772 [info ] [MainThread]: Using profiles dir at C:\Users\hamin\.dbt
[0m13:52:52.997791 [info ] [MainThread]: Using profiles.yml file at C:\Users\hamin\.dbt\profiles.yml
[0m13:52:52.998937 [info ] [MainThread]: Using dbt_project.yml file at C:\Users\hamin\Desktop\JaffleStripe-Transform\dbt_project.yml
[0m13:52:53.001319 [info ] [MainThread]: Configuration:
[0m13:52:53.002059 [info ] [MainThread]:   profiles.yml file [[31mERROR invalid[0m]
[0m13:52:53.004096 [info ] [MainThread]:   dbt_project.yml file [[31mERROR not found[0m]
[0m13:52:53.006093 [info ] [MainThread]: Required dependencies:
[0m13:52:53.007091 [debug] [MainThread]: Executing "git --help"
[0m13:52:53.114891 [debug] [MainThread]: STDOUT: "b"usage: git [-v | --version] [-h | --help] [-C <path>] [-c <name>=<value>]\n           [--exec-path[=<path>]] [--html-path] [--man-path] [--info-path]\n           [-p | --paginate | -P | --no-pager] [--no-replace-objects] [--bare]\n           [--git-dir=<path>] [--work-tree=<path>] [--namespace=<name>]\n           [--config-env=<name>=<envvar>] <command> [<args>]\n\nThese are common Git commands used in various situations:\n\nstart a working area (see also: git help tutorial)\n   clone     Clone a repository into a new directory\n   init      Create an empty Git repository or reinitialize an existing one\n\nwork on the current change (see also: git help everyday)\n   add       Add file contents to the index\n   mv        Move or rename a file, a directory, or a symlink\n   restore   Restore working tree files\n   rm        Remove files from the working tree and from the index\n\nexamine the history and state (see also: git help revisions)\n   bisect    Use binary search to find the commit that introduced a bug\n   diff      Show changes between commits, commit and working tree, etc\n   grep      Print lines matching a pattern\n   log       Show commit logs\n   show      Show various types of objects\n   status    Show the working tree status\n\ngrow, mark and tweak your common history\n   branch    List, create, or delete branches\n   commit    Record changes to the repository\n   merge     Join two or more development histories together\n   rebase    Reapply commits on top of another base tip\n   reset     Reset current HEAD to the specified state\n   switch    Switch branches\n   tag       Create, list, delete or verify a tag object signed with GPG\n\ncollaborate (see also: git help workflows)\n   fetch     Download objects and refs from another repository\n   pull      Fetch from and integrate with another repository or a local branch\n   push      Update remote refs along with associated objects\n\n'git help -a' and 'git help -g' list available subcommands and some\nconcept guides. See 'git help <command>' or 'git help <concept>'\nto read about a specific subcommand or concept.\nSee 'git help git' for an overview of the system.\n""
[0m13:52:53.116904 [debug] [MainThread]: STDERR: "b''"
[0m13:52:53.117903 [info ] [MainThread]:  - git [[32mOK found[0m]

[0m13:52:53.119430 [info ] [MainThread]: Connection test skipped since no profile was found
[0m13:52:53.122037 [info ] [MainThread]: [31m2 checks failed:[0m
[0m13:52:53.123024 [info ] [MainThread]: Could not load dbt_project.yml
Profile loading failed for the following reason:
Runtime Error
  Credentials in profile "custom_postgres", target "dev" invalid: Runtime Error
    Could not find adapter type postgres!


[0m13:52:53.125374 [info ] [MainThread]: Project loading failed for the following reason:
 project path <C:\Users\hamin\Desktop\JaffleStripe-Transform\dbt_project.yml> not found

[0m13:52:53.130377 [debug] [MainThread]: Command `dbt debug` failed at 13:52:53.129375 after 1.91 seconds
[0m13:52:53.131374 [debug] [MainThread]: Sending event: {'category': 'dbt', 'action': 'invocation', 'label': 'end', 'context': [<snowplow_tracker.self_describing_json.SelfDescribingJson object at 0x000001C40A37FBF0>, <snowplow_tracker.self_describing_json.SelfDescribingJson object at 0x000001C40A3D6B40>, <snowplow_tracker.self_describing_json.SelfDescribingJson object at 0x000001C40A3D74A0>]}
[0m13:52:53.132882 [debug] [MainThread]: Flushing usage events
[0m13:52:53.360662 [debug] [MainThread]: An error was encountered while trying to flush usage events
